{
  "level": "info",
  "method": "POST",
  "path": "/api/product/product_info",
  "query": "",
  "ip": "::1",
  "user_agent": "PostmanRuntime/7.54.0",
  "referer": "",
  "protocol": "HTTP/1.1",
  "host": "localhost:8085",
  "remote_addr": "[::1]:37304",
  "request_uri": "/api/product/product_info",
  "content_length": 148131,
  "header": {
    "Accept": [
      "*/*"
    ],
    "Accept-Encoding": [
      "gzip, deflate, br"
    ],
    "Connection": [
      "keep-alive"
    ],
    "Content-Length": [
      "148131"
    ],
    "Content-Type": [
      "multipart/form-data; boundary=--------------------------278146905816803123939804"
    ],
    "Postman-Token": [
      "cfa3304c-3dc7-4435-b98f-12c51eb074c7"
    ],
    "User-Agent": [
      "PostmanRuntime/7.54.0"
    ],
    "X-Api-Key": [
      "1245"
    ]
  },
  "status_code": 202,
  "body": {
    "best_saling": "true",
    "form_files": [
      {
        "content_type": "image/jpeg",
        "field": "file",
        "filename": "me.jpg",
        "size": "144.13 KB"
      }
    ],
    "price": "11111",
    "product_name": "asad"
  },
  "time": "2026-06-14T11:28:44+07:00",
  "message": "HTTP Request Log"
}
